0 info it worked if it ends with ok
1 verbose cli [ '/Users/rodrilm2/.nvm/versions/node/v6.10.0/bin/node',
1 verbose cli   '/Users/rodrilm2/.nvm/versions/node/v6.10.0/bin/npm',
1 verbose cli   'start' ]
2 info using npm@3.10.10
3 info using node@v6.10.0
4 verbose run-script [ 'prestart', 'start', 'poststart' ]
5 info lifecycle circuit-dataaccess@0.1.0~prestart: circuit-dataaccess@0.1.0
6 silly lifecycle circuit-dataaccess@0.1.0~prestart: no script for prestart, continuing
7 info lifecycle circuit-dataaccess@0.1.0~start: circuit-dataaccess@0.1.0
8 verbose lifecycle circuit-dataaccess@0.1.0~start: unsafe-perm in lifecycle true
9 verbose lifecycle circuit-dataaccess@0.1.0~start: PATH: /Users/rodrilm2/.nvm/versions/node/v6.10.0/lib/node_modules/npm/bin/node-gyp-bin:/Users/rodrilm2/Repositories/AstroJays/Avionics/node_modules/.bin:/Users/rodrilm2/.rvm/gems/ruby-2.4.2/bin:/Users/rodrilm2/.rvm/gems/ruby-2.4.2@global/bin:/Users/rodrilm2/.rvm/rubies/ruby-2.4.2/bin:/Users/rodrilm2/.nvm/versions/node/v6.10.0/bin:/Users/rodrilm2/.virtualenvs/boss-manage/bin:/Library/Frameworks/Python.framework/Versions/3.5/bin:/usr/local/bin:/usr/bin:/bin:/usr/sbin:/sbin:/Users/rodrilm2/microns/node-v6.10.3-darwin-x64/bin:/Users/rodrilm2/bin:/Users/rodrilm2/.rvm/bin
10 verbose lifecycle circuit-dataaccess@0.1.0~start: CWD: /Users/rodrilm2/Repositories/AstroJays/Avionics
11 silly lifecycle circuit-dataaccess@0.1.0~start: Args: [ '-c', 'react-scripts start' ]
12 silly lifecycle circuit-dataaccess@0.1.0~start: Returned: code: 1  signal: null
13 info lifecycle circuit-dataaccess@0.1.0~start: Failed to exec start script
14 verbose stack Error: circuit-dataaccess@0.1.0 start: `react-scripts start`
14 verbose stack Exit status 1
14 verbose stack     at EventEmitter.<anonymous> (/Users/rodrilm2/.nvm/versions/node/v6.10.0/lib/node_modules/npm/lib/utils/lifecycle.js:255:16)
14 verbose stack     at emitTwo (events.js:106:13)
14 verbose stack     at EventEmitter.emit (events.js:191:7)
14 verbose stack     at ChildProcess.<anonymous> (/Users/rodrilm2/.nvm/versions/node/v6.10.0/lib/node_modules/npm/lib/utils/spawn.js:40:14)
14 verbose stack     at emitTwo (events.js:106:13)
14 verbose stack     at ChildProcess.emit (events.js:191:7)
14 verbose stack     at maybeClose (internal/child_process.js:877:16)
14 verbose stack     at Process.ChildProcess._handle.onexit (internal/child_process.js:226:5)
15 verbose pkgid circuit-dataaccess@0.1.0
16 verbose cwd /Users/rodrilm2/Repositories/AstroJays/Avionics
17 error Darwin 16.7.0
18 error argv "/Users/rodrilm2/.nvm/versions/node/v6.10.0/bin/node" "/Users/rodrilm2/.nvm/versions/node/v6.10.0/bin/npm" "start"
19 error node v6.10.0
20 error npm  v3.10.10
21 error code ELIFECYCLE
22 error circuit-dataaccess@0.1.0 start: `react-scripts start`
22 error Exit status 1
23 error Failed at the circuit-dataaccess@0.1.0 start script 'react-scripts start'.
23 error Make sure you have the latest version of node.js and npm installed.
23 error If you do, this is most likely a problem with the circuit-dataaccess package,
23 error not with npm itself.
23 error Tell the author that this fails on your system:
23 error     react-scripts start
23 error You can get information on how to open an issue for this project with:
23 error     npm bugs circuit-dataaccess
23 error Or if that isn't available, you can get their info via:
23 error     npm owner ls circuit-dataaccess
23 error There is likely additional logging output above.
24 verbose exit [ 1, true ]
